<?xml version="1.0" encoding="UTF-8"?>
<testsuite xmlns:xsi="http://www.w3.org/2001/XMLSchema-instance" xsi:noNamespaceSchemaLocation="https://maven.apache.org/surefire/maven-surefire-plugin/xsd/surefire-test-report.xsd" version="3.0.1" name="com.demo.Maven.AppTest" time="0.187" tests="3" errors="0" skipped="0" failures="0">
  <properties>
[...]
</properties>
  <testcase name="isNotPlaindromeTest" classname="com.demo.Maven.AppTest" time="0.078"/>
  <testcase name="isNotPlaindromeExceptionTest" classname="com.demo.Maven.AppTest" time="0.015"/>
  <testcase name="isPlaindromeTest" classname="com.demo.Maven.AppTest" time="0.0"/>
</testsuite>